C:\USERS\ZACK\DOCUMENTS\VISUAL STUDIO 2012\PROJECTS\SDL2_TUTORIAL03\SDL2_TUTORIAL03\DEBUG\MAIN.OBJ
C:\USERS\ZACK\DOCUMENTS\VISUAL STUDIO 2012\PROJECTS\SDL2_TUTORIAL03\SDL2_TUTORIAL03\DEBUG\VC110.PDB
C:\USERS\ZACK\DOCUMENTS\VISUAL STUDIO 2012\PROJECTS\SDL2_TUTORIAL03\DEBUG\SDL2_TUTORIAL03.ILK
C:\USERS\ZACK\DOCUMENTS\VISUAL STUDIO 2012\PROJECTS\SDL2_TUTORIAL03\DEBUG\SDL2_TUTORIAL03.EXE
C:\USERS\ZACK\DOCUMENTS\VISUAL STUDIO 2012\PROJECTS\SDL2_TUTORIAL03\DEBUG\SDL2_TUTORIAL03.PDB
c:\Users\Zack\documents\visual studio 2012\Projects\SDL2_Tutorial03\SDL2_Tutorial03\Debug\main.obj
c:\Users\Zack\documents\visual studio 2012\Projects\SDL2_Tutorial03\SDL2_Tutorial03\Debug\cl.command.1.tlog
c:\Users\Zack\documents\visual studio 2012\Projects\SDL2_Tutorial03\SDL2_Tutorial03\Debug\CL.read.1.tlog
c:\Users\Zack\documents\visual studio 2012\Projects\SDL2_Tutorial03\SDL2_Tutorial03\Debug\CL.write.1.tlog
c:\Users\Zack\documents\visual studio 2012\Projects\SDL2_Tutorial03\SDL2_Tutorial03\Debug\link-cvtres.read.1.tlog
c:\Users\Zack\documents\visual studio 2012\Projects\SDL2_Tutorial03\SDL2_Tutorial03\Debug\link-cvtres.write.1.tlog
c:\Users\Zack\documents\visual studio 2012\Projects\SDL2_Tutorial03\SDL2_Tutorial03\Debug\link-rc.read.1.tlog
c:\Users\Zack\documents\visual studio 2012\Projects\SDL2_Tutorial03\SDL2_Tutorial03\Debug\link-rc.write.1.tlog
c:\Users\Zack\documents\visual studio 2012\Projects\SDL2_Tutorial03\SDL2_Tutorial03\Debug\link.command.1.tlog
c:\Users\Zack\documents\visual studio 2012\Projects\SDL2_Tutorial03\SDL2_Tutorial03\Debug\link.read.1.tlog
c:\Users\Zack\documents\visual studio 2012\Projects\SDL2_Tutorial03\SDL2_Tutorial03\Debug\link.write.1.tlog
c:\Users\Zack\documents\visual studio 2012\Projects\SDL2_Tutorial03\SDL2_Tutorial03\Debug\vc110.idb
c:\Users\Zack\documents\visual studio 2012\Projects\SDL2_Tutorial03\SDL2_Tutorial03\Debug\vc110.pdb
c:\users\zack\documents\visual studio 2012\Projects\SDL2_Tutorial03\Debug\SDL2_Tutorial03.pdb
c:\users\zack\documents\visual studio 2012\Projects\SDL2_Tutorial03\Debug\SDL2_Tutorial03.exe
c:\users\zack\documents\visual studio 2012\Projects\SDL2_Tutorial03\Debug\SDL2_Tutorial03.ilk
